#
# A fatal error has been detected by the Java Runtime Environment:
#
#  EXCEPTION_ACCESS_VIOLATION (0xc0000005) at pc=0x00007ffa029194e6, pid=640, tid=8960
#
# JRE version: OpenJDK Runtime Environment Temurin-17.0.8.1+1 (17.0.8.1+1) (build 17.0.8.1+1)
# Java VM: OpenJDK 64-Bit Server VM Temurin-17.0.8.1+1 (17.0.8.1+1, mixed mode, tiered, compressed oops, compressed class ptrs, parallel gc, windows-amd64)
# Problematic frame:
# V  [jvm.dll+0x6a94e6]
#
# No core dump will be written. Minidumps are not enabled by default on client versions of Windows
#
# If you would like to submit a bug report, please visit:
#   https://github.com/adoptium/adoptium-support/issues
#

---------------  S U M M A R Y ------------

Command Line: --add-modules=ALL-SYSTEM --add-opens=java.base/java.util=ALL-UNNAMED --add-opens=java.base/java.lang=ALL-UNNAMED --add-opens=java.base/sun.nio.fs=ALL-UNNAMED -Declipse.application=org.eclipse.jdt.ls.core.id1 -Dosgi.bundles.defaultStartLevel=4 -Declipse.product=org.eclipse.jdt.ls.core.product -Djava.import.generatesMetadataFilesAtProjectRoot=false -DDetectVMInstallationsJob.disabled=true -Dfile.encoding=utf8 -XX:+UseParallelGC -XX:GCTimeRatio=4 -XX:AdaptiveSizePolicyWeight=90 -Dsun.zip.disableMemoryMapping=true -Xmx1G -Xms100m -Xlog:disable -javaagent:c:\Users\Khem1\.vscode\extensions\redhat.java-1.24.0-win32-x64\lombok\lombok-1.18.30.jar -XX:+HeapDumpOnOutOfMemoryError -XX:HeapDumpPath=c:\Users\Khem1\AppData\Roaming\Code\User\workspaceStorage\3298bf10f847b79b9705f4b517e60422\redhat.java -Daether.dependencyCollector.impl=bf c:\Users\Khem1\.vscode\extensions\redhat.java-1.24.0-win32-x64\server\plugins\org.eclipse.equinox.launcher_1.6.500.v20230717-2134.jar -configuration c:\Users\Khem1\AppData\Roaming\Code\User\globalStorage\redhat.java\1.24.0\config_win -data c:\Users\Khem1\AppData\Roaming\Code\User\workspaceStorage\3298bf10f847b79b9705f4b517e60422\redhat.java\jdt_ws --stdio

Host: Intel(R) Core(TM) i5-10500 CPU @ 3.10GHz, 6 cores, 5G,  Windows 11 , 64 bit Build 22621 (10.0.22621.2428)
Time: Mon Oct 30 09:54:00 2023 Romance Standard Time elapsed time: 2.403899 seconds (0d 0h 0m 2s)

---------------  T H R E A D  ---------------

Current thread (0x0000020899ce56d0):  GCTaskThread "GC Thread#3" [stack: 0x000000bfc2300000,0x000000bfc2400000] [id=8960]

Stack: [0x000000bfc2300000,0x000000bfc2400000],  sp=0x000000bfc23ff8f0,  free space=1022k
Native frames: (J=compiled Java code, j=interpreted, Vv=VM code, C=native code)
V  [jvm.dll+0x6a94e6]
V  [jvm.dll+0x6b9983]
V  [jvm.dll+0x862bbb]
V  [jvm.dll+0x862c06]
V  [jvm.dll+0x7e64ca]
V  [jvm.dll+0x677955]
C  [ucrtbase.dll+0x29363]
C  [KERNEL32.DLL+0x1257d]
C  [ntdll.dll+0x5aa78]


siginfo: EXCEPTION_ACCESS_VIOLATION (0xc0000005), reading address 0x0000000000000100


Register to memory mapping:

RIP=0x00007ffa029194e6 jvm.dll
RAX=0x0 is NULL
RBX=0x00000208ffd04100 points into unknown readable memory: 0x00007ffa02c22a48 | 48 2a c2 02 fa 7f 00 00
RCX=0x00000001000625e0 is pointing into metadata
RDX=
[error occurred during error reporting (printing register info), id 0xc0000005, EXCEPTION_ACCESS_VIOLATION (0xc0000005) at pc=0x00007ffa028f51a3]

Registers:
RAX=0x0000000000000000, RBX=0x00000208ffd04100, RCX=0x00000001000625e0, RDX=0x00000000c04ea630
RSP=0x000000bfc23ff8f0, RBP=0x000000000000000c, RSI=0x00007ffa02c21c40, RDI=0x00000000c04ebe00
R8 =0x00000001000625e0, R9 =0x0000000000000000, R10=0x0000000000000001, R11=0x00000208ff44274e
R12=0x00000000c04f0180, R13=0x00000208ff44274e, R14=0x0000000000000000, R15=0x00000000c04ea630
RIP=0x00007ffa029194e6, EFLAGS=0x0000000000010246

Top of Stack: (sp=0x000000bfc23ff8f0)
0x000000bfc23ff8f0:   00000208ffd04100 00000000c04ebe00
0x000000bfc23ff900:   000000000000000c 00007ffa02c21c40
0x000000bfc23ff910:   00000208ff44275f 00000000c04f0180
0x000000bfc23ff920:   00000208ff442700 00000208ff442700
0x000000bfc23ff930:   00000208ff44299e 00007ffa02c21c40
0x000000bfc23ff940:   00000208ffa92f20 00000208ffd04100
0x000000bfc23ff950:   0000000000000300 0000000000000000
0x000000bfc23ff960:   000000bfc23ffa28 0000000000000000
0x000000bfc23ff970:   0000000000000000 000000bfc13ff340
0x000000bfc23ff980:   0000020899ce56d0 00000208ffd04100
0x000000bfc23ff990:   0000000000000000 0000020899b7a330
0x000000bfc23ff9a0:   000000bfc23ffa49 00007ffa02929983
0x000000bfc23ff9b0:   00000208ffa89b40 00000208ffa67620
0x000000bfc23ff9c0:   00000208ff442781 00000000c0533b38
0x000000bfc23ff9d0:   00000208ffd04100 0000000000000000
0x000000bfc23ff9e0:   0000000000000006 00007ffa02d878c0 

Instructions: (pc=0x00007ffa029194e6)
0x00007ffa029193e6:   8b 57 08 8b 0d 19 8f 45 00 8b c2 48 d3 e0 48 03
0x00007ffa029193f6:   05 05 8f 45 00 eb 06 49 8b 47 08 8b d0 81 78 08
0x00007ffa02919406:   00 00 00 c0 73 53 48 8b 05 2d f1 4d 00 48 89 44
0x00007ffa02919416:   24 50 48 89 74 24 48 48 89 5c 24 58 45 84 d2 74
0x00007ffa02919426:   15 8b 0d db 8e 45 00 44 8b c2 49 d3 e0 4c 03 05
0x00007ffa02919436:   c6 8e 45 00 eb 04 4d 8b 47 08 49 63 40 0c 48 8d
0x00007ffa02919446:   4c 24 48 49 8b d7 4c 8d 0d ed e2 46 00 41 ff 14
0x00007ffa02919456:   c1 44 0f b6 15 1f 52 4c 00 45 84 d2 74 16 45 8b
0x00007ffa02919466:   47 08 8b 0d 9a 8e 45 00 49 d3 e0 4c 03 05 88 8e
0x00007ffa02919476:   45 00 eb 04 4d 8b 47 08 45 8b 48 08 45 85 c9 7e
0x00007ffa02919486:   0c 41 f6 c1 01 75 50 41 c1 f9 03 eb 64 79 48 8b
0x00007ffa02919496:   05 a9 9d 45 00 45 84 d2 b9 10 00 00 00 48 0f 45
0x00007ffa029194a6:   cd ff c8 4c 63 c0 41 8b c1 48 c1 f8 10 4a 63 14
0x00007ffa029194b6:   39 41 8b c9 83 e1 3f 48 d3 e2 0f b6 c8 49 8d 04
0x00007ffa029194c6:   10 49 f7 d0 48 03 c8 4d 8b c8 49 c1 e9 03 48 c1
0x00007ffa029194d6:   e9 03 44 23 c9 eb 1a 49 8b 00 49 8b d7 49 8b c8
0x00007ffa029194e6:   ff 90 00 01 00 00 44 0f b6 15 8a 51 4c 00 44 8b
0x00007ffa029194f6:   c8 49 63 c1 4d 8d 3c c7 4c 3b ff 0f 82 d9 fe ff
0x00007ffa02919506:   ff e9 4b 01 00 00 48 3b df 0f 83 4f 01 00 00 48
0x00007ffa02919516:   8b 9c 24 e0 00 00 00 48 8d 35 1c 87 30 00 bd 0c
0x00007ffa02919526:   00 00 00 0f 1f 80 00 00 00 00 45 84 d2 74 18 41
0x00007ffa02919536:   8b 57 08 8b 0d c9 8d 45 00 8b c2 48 d3 e0 48 03
0x00007ffa02919546:   05 b5 8d 45 00 eb 06 49 8b 47 08 8b d0 81 78 08
0x00007ffa02919556:   00 00 00 c0 73 53 48 8b 05 dd ef 4d 00 48 89 44
0x00007ffa02919566:   24 50 48 89 74 24 48 48 89 5c 24 58 45 84 d2 74
0x00007ffa02919576:   15 8b 0d 8b 8d 45 00 44 8b c2 49 d3 e0 4c 03 05
0x00007ffa02919586:   76 8d 45 00 eb 04 4d 8b 47 08 49 63 40 0c 48 8d
0x00007ffa02919596:   4c 24 48 49 8b d7 4c 8d 0d 9d e1 46 00 41 ff 14
0x00007ffa029195a6:   c1 44 0f b6 15 cf 50 4c 00 45 84 d2 74 16 45 8b
0x00007ffa029195b6:   47 08 8b 0d 4a 8d 45 00 49 d3 e0 4c 03 05 38 8d
0x00007ffa029195c6:   45 00 eb 04 4d 8b 47 08 45 8b 48 08 45 85 c9 7e
0x00007ffa029195d6:   0c 41 f6 c1 01 75 50 41 c1 f9 03 eb 64 79 48 8b 


Stack slot to memory mapping:
stack at sp + 0 slots: 0x00000208ffd04100 points into unknown readable memory: 0x00007ffa02c22a48 | 48 2a c2 02 fa 7f 00 00
stack at sp + 1 slots: 0x00000000c04ebe00 is pointing into object: [B 
{0x00000000c04ebdf0} - klass: {type array byte}
 - length: 280
stack at sp + 2 slots: 0x000000000000000c is an unknown value
stack at sp + 3 slots: 0x00007ffa02c21c40 jvm.dll
stack at sp + 4 slots: 0x00000208ff44275f points into unknown readable memory: ff
stack at sp + 5 slots: 0x00000000c04f0180 is an oop: java.util.concurrent.ConcurrentHashMap$Node 
{0x00000000c04f0180} - klass: 'java/util/concurrent/ConcurrentHashMap$Node'
 - ---- fields (total size 4 words):
 - final 'hash' 'I' @12  1746290456 (68164718)
 - final 'key' 'Ljava/lang/Object;' @16  "America/Argentina/La_Rioja"{0x00000000c04cca28} (c04cca28)
 - volatile 'val' 'Ljava/lang/Object;' @20  [B{0x00000000c04f01a0} (c04f01a0)
 - volatile 'next' 'Ljava/util/concurrent/ConcurrentHashMap$Node;' @24  NULL (0)
stack at sp + 6 slots: 0x00000208ff442700 points into unknown readable memory: 0xffffffffffffffff | ff ff ff ff ff ff ff ff
stack at sp + 7 slots: 0x00000208ff442700 points into unknown readable memory: 0xffffffffffffffff | ff ff ff ff ff ff ff ff


---------------  P R O C E S S  ---------------

Threads class SMR info:
_java_thread_list=0x0000020899e05d70, length=20, elements={
0x00000208ffa79b20, 0x00000208ffd1f010, 0x00000208ffd21550, 0x00000208ffd2d310,
0x00000208ffd2dfa0, 0x0000020899231010, 0x00000208992319e0, 0x0000020899232890,
0x00000208992892c0, 0x000002089928b7f0, 0x000002089930c150, 0x000002089953e240,
0x000002089a21d300, 0x0000020899b19880, 0x000002089a0e6040, 0x000002089a28d490,
0x000002089a28cf20, 0x000002089a219340, 0x000002089a21ac90, 0x000002089a21a780
}

Java Threads: ( => current thread )
  0x00000208ffa79b20 JavaThread "main" [_thread_blocked, id=7328, stack(0x000000bfc1100000,0x000000bfc1200000)]
  0x00000208ffd1f010 JavaThread "Reference Handler" daemon [_thread_blocked, id=2972, stack(0x000000bfc1400000,0x000000bfc1500000)]
  0x00000208ffd21550 JavaThread "Finalizer" daemon [_thread_blocked, id=9200, stack(0x000000bfc1500000,0x000000bfc1600000)]
  0x00000208ffd2d310 JavaThread "Signal Dispatcher" daemon [_thread_blocked, id=2104, stack(0x000000bfc1600000,0x000000bfc1700000)]
  0x00000208ffd2dfa0 JavaThread "Attach Listener" daemon [_thread_blocked, id=7460, stack(0x000000bfc1700000,0x000000bfc1800000)]
  0x0000020899231010 JavaThread "Service Thread" daemon [_thread_blocked, id=7076, stack(0x000000bfc1800000,0x000000bfc1900000)]
  0x00000208992319e0 JavaThread "Monitor Deflation Thread" daemon [_thread_blocked, id=652, stack(0x000000bfc1900000,0x000000bfc1a00000)]
  0x0000020899232890 JavaThread "C2 CompilerThread0" daemon [_thread_blocked, id=3632, stack(0x000000bfc1a00000,0x000000bfc1b00000)]
  0x00000208992892c0 JavaThread "C1 CompilerThread0" daemon [_thread_blocked, id=10664, stack(0x000000bfc1b00000,0x000000bfc1c00000)]
  0x000002089928b7f0 JavaThread "Sweeper thread" daemon [_thread_blocked, id=3552, stack(0x000000bfc1c00000,0x000000bfc1d00000)]
  0x000002089930c150 JavaThread "Common-Cleaner" daemon [_thread_blocked, id=8144, stack(0x000000bfc1d00000,0x000000bfc1e00000)]
  0x000002089953e240 JavaThread "Notification Thread" daemon [_thread_blocked, id=8160, stack(0x000000bfc1f00000,0x000000bfc2000000)]
  0x000002089a21d300 JavaThread "Active Thread: Equinox Container: decb92e0-b96f-4d1b-96c5-95597e8f9c86" [_thread_blocked, id=2580, stack(0x000000bfc2600000,0x000000bfc2700000)]
  0x0000020899b19880 JavaThread "C2 CompilerThread1" daemon [_thread_blocked, id=8100, stack(0x000000bfc1e00000,0x000000bfc1f00000)]
  0x000002089a0e6040 JavaThread "Framework Event Dispatcher: Equinox Container: decb92e0-b96f-4d1b-96c5-95597e8f9c86" daemon [_thread_blocked, id=10672, stack(0x000000bfc2700000,0x000000bfc2800000)]
  0x000002089a28d490 JavaThread "Start Level: Equinox Container: decb92e0-b96f-4d1b-96c5-95597e8f9c86" daemon [_thread_blocked, id=8344, stack(0x000000bfc2800000,0x000000bfc2900000)]
  0x000002089a28cf20 JavaThread "Bundle File Closer" daemon [_thread_blocked, id=2576, stack(0x000000bfc2900000,0x000000bfc2a00000)]
  0x000002089a219340 JavaThread "SCR Component Actor" daemon [_thread_blocked, id=5260, stack(0x000000bfc2a00000,0x000000bfc2b00000)]
  0x000002089a21ac90 JavaThread "SCR Component Registry" daemon [_thread_blocked, id=2504, stack(0x000000bfc2b00000,0x000000bfc2c00000)]
  0x000002089a21a780 JavaThread "Worker-JM" [_thread_blocked, id=4512, stack(0x000000bfc2c00000,0x000000bfc2d00000)]

Other Threads:
  0x00000208ffb28b70 VMThread "VM Thread" [stack: 0x000000bfc1300000,0x000000bfc1400000] [id=8512]
  0x000002089950a740 WatcherThread [stack: 0x000000bfc2000000,0x000000bfc2100000] [id=3596]
  0x00000208ffa90cf0 GCTaskThread "GC Thread#0" [stack: 0x000000bfc1200000,0x000000bfc1300000] [id=3288]
  0x00000208998813a0 GCTaskThread "GC Thread#1" [stack: 0x000000bfc2100000,0x000000bfc2200000] [id=3024]
  0x0000020899ce5410 GCTaskThread "GC Thread#2" [stack: 0x000000bfc2200000,0x000000bfc2300000] [id=8092]
=>0x0000020899ce56d0 GCTaskThread "GC Thread#3" [stack: 0x000000bfc2300000,0x000000bfc2400000] [id=8960]
  0x0000020899ce5990 GCTaskThread "GC Thread#4" [stack: 0x000000bfc2400000,0x000000bfc2500000] [id=1980]
  0x0000020899ce5c50 GCTaskThread "GC Thread#5" [stack: 0x000000bfc2500000,0x000000bfc2600000] [id=8372]

Threads with active compile tasks:
C2 CompilerThread0     2434 2514       4       lombok.patcher.PatchScript::classMatches (41 bytes)
C2 CompilerThread1     2434 2525       4       java.util.WeakHashMap::getTable (9 bytes)

VM state: at safepoint (normal execution)

VM Mutex/Monitor currently owned by a thread:  ([mutex/lock_event])
[0x00000208ffa76b70] Threads_lock - owner thread: 0x00000208ffb28b70
[0x00000208ffa76ff0] Heap_lock - owner thread: 0x000002089a28d490

Heap address: 0x00000000c0000000, size: 1024 MB, Compressed Oops mode: 32-bit

CDS archive(s) not mapped
Compressed class space mapped at: 0x0000000100000000-0x0000000140000000, reserved size: 1073741824
Narrow klass base: 0x0000000000000000, Narrow klass shift: 3, Narrow klass range: 0x140000000

GC Precious Log:
 CPUs: 6 total, 6 available
 Memory: 6082M
 Large Page Support: Disabled
 NUMA Support: Disabled
 Compressed Oops: Enabled (32-bit)
 Alignments: Space 512K, Generation 512K, Heap 2M
 Heap Min Capacity: 100M
 Heap Initial Capacity: 100M
 Heap Max Capacity: 1G
 Pre-touch: Disabled
 Parallel Workers: 6

Heap:
 PSYoungGen      total 29696K, used 29646K [0x00000000eab00000, 0x00000000ecc00000, 0x0000000100000000)
  eden space 25600K, 99% used [0x00000000eab00000,0x00000000ec3f3f28,0x00000000ec400000)
  from space 4096K, 99% used [0x00000000ec400000,0x00000000ec7ff8d8,0x00000000ec800000)
  to   space 4096K, 99% used [0x00000000ec800000,0x00000000ecbfce80,0x00000000ecc00000)
 ParOldGen       total 68608K, used 6863K [0x00000000c0000000, 0x00000000c4300000, 0x00000000eab00000)
  object space 68608K, 10% used [0x00000000c0000000,0x00000000c06b3e50,0x00000000c4300000)
 Metaspace       used 21083K, committed 21504K, reserved 1114112K
  class space    used 2156K, committed 2368K, reserved 1048576K

Card table byte_map: [0x00000208ff440000,0x00000208ff650000] _byte_map_base: 0x00000208fee40000

Marking Bits: (ParMarkBitMap*) 0x00007ffa02df83a0
 Begin Bits: [0x0000020891bc0000, 0x0000020892bc0000)
 End Bits:   [0x0000020892bc0000, 0x0000020893bc0000)

Polling page: 0x00000208ff230000

Metaspace:

Usage:
  Non-class:     18.48 MB used.
      Class:      2.11 MB used.
       Both:     20.59 MB used.

Virtual space:
  Non-class space:       64.00 MB reserved,      18.69 MB ( 29%) committed,  1 nodes.
      Class space:        1.00 GB reserved,       2.31 MB ( <1%) committed,  1 nodes.
             Both:        1.06 GB reserved,      21.00 MB (  2%) committed. 

Chunk freelists:
   Non-Class:  13.19 MB
       Class:  13.66 MB
        Both:  26.85 MB

MaxMetaspaceSize: unlimited
CompressedClassSpaceSize: 1.00 GB
Initial GC threshold: 21.00 MB
Current GC threshold: 21.00 MB
CDS: off
MetaspaceReclaimPolicy: balanced
 - commit_granule_bytes: 65536.
 - commit_granule_words: 8192.
 - virtual_space_node_default_size: 8388608.
 - enlarge_chunks_in_place: 1.
 - new_chunks_are_fully_committed: 0.
 - uncommit_free_chunks: 1.
 - use_allocation_guard: 0.
 - handle_deallocations: 1.


Internal statistics:

num_allocs_failed_limit: 3.
num_arena_births: 240.
num_arena_deaths: 0.
num_vsnodes_births: 2.
num_vsnodes_deaths: 0.
num_space_committed: 336.
num_space_uncommitted: 0.
num_chunks_returned_to_freelist: 3.
num_chunks_taken_from_freelist: 692.
num_chunk_merges: 3.
num_chunk_splits: 445.
num_chunks_enlarged: 310.
num_inconsistent_stats: 0.

CodeHeap 'non-profiled nmethods': size=120000Kb used=1107Kb max_used=1107Kb free=118892Kb
 bounds [0x000002088a690000, 0x000002088a900000, 0x0000020891bc0000]
CodeHeap 'profiled nmethods': size=120000Kb used=4968Kb max_used=4968Kb free=115031Kb
 bounds [0x0000020882bc0000, 0x00000208830a0000, 0x000002088a0f0000]
CodeHeap 'non-nmethods': size=5760Kb used=1188Kb max_used=1230Kb free=4572Kb
 bounds [0x000002088a0f0000, 0x000002088a360000, 0x000002088a690000]
 total_blobs=3006 nmethods=2521 adapters=399
 compilation: enabled
              stopped_count=0, restarted_count=0
 full_count=0

Compilation events (20 events):
Event: 2.376 Thread 0x00000208992892c0 nmethod 2515 0x0000020883095290 code [0x0000020883095540, 0x0000020883096658]
Event: 2.376 Thread 0x00000208992892c0 2516       3       java.lang.invoke.MethodType::changeReturnType (20 bytes)
Event: 2.376 Thread 0x00000208992892c0 nmethod 2516 0x0000020883096b10 code [0x0000020883096cc0, 0x0000020883096e88]
Event: 2.376 Thread 0x00000208992892c0 2517       3       java.lang.invoke.MemberName::hashCode (43 bytes)
Event: 2.377 Thread 0x00000208992892c0 nmethod 2517 0x0000020883096f10 code [0x0000020883097160, 0x0000020883097d08]
Event: 2.377 Thread 0x00000208992892c0 2519       3       java.lang.invoke.MethodHandleNatives::isCallerSensitive (29 bytes)
Event: 2.377 Thread 0x00000208992892c0 nmethod 2519 0x0000020883098090 code [0x0000020883098280, 0x0000020883098808]
Event: 2.377 Thread 0x00000208992892c0 2521       3       jdk.internal.org.objectweb.asm.Handler::putExceptionTable (63 bytes)
Event: 2.377 Thread 0x00000208992892c0 nmethod 2521 0x0000020883098a10 code [0x0000020883098c20, 0x0000020883099088]
Event: 2.377 Thread 0x00000208992892c0 2518       3       java.util.Objects::hash (5 bytes)
Event: 2.377 Thread 0x00000208992892c0 nmethod 2518 0x0000020883099390 code [0x0000020883099520, 0x0000020883099628]
Event: 2.377 Thread 0x00000208992892c0 2520       3       java.lang.invoke.MethodHandleNatives::canBeCalledVirtual (50 bytes)
Event: 2.377 Thread 0x00000208992892c0 nmethod 2520 0x0000020883099710 code [0x0000020883099900, 0x0000020883099dc8]
Event: 2.377 Thread 0x00000208992892c0 2522       3       java.lang.invoke.LambdaFormEditor$TransformKey::bval (26 bytes)
Event: 2.377 Thread 0x00000208992892c0 nmethod 2522 0x0000020883099f90 code [0x000002088309a120, 0x000002088309a218]
Event: 2.378 Thread 0x0000020899b19880 2523       4       org.eclipse.osgi.internal.hookregistry.ClassLoaderHook::preFindLocalClass (1 bytes)
Event: 2.378 Thread 0x0000020899b19880 nmethod 2523 0x000002088a7a4890 code [0x000002088a7a4a00, 0x000002088a7a4a78]
Event: 2.379 Thread 0x0000020899b19880 2524       4       org.eclipse.osgi.internal.hookregistry.ClassLoaderHook::postFindLocalClass (1 bytes)
Event: 2.379 Thread 0x0000020899b19880 nmethod 2524 0x000002088a7a4b90 code [0x000002088a7a4d00, 0x000002088a7a4d78]
Event: 2.379 Thread 0x0000020899b19880 2525       4       java.util.WeakHashMap::getTable (9 bytes)

GC Heap History (7 events):
Event: 0.980 GC heap before
{Heap before GC invocations=1 (full 0):
 PSYoungGen      total 29696K, used 25600K [0x00000000eab00000, 0x00000000ecc00000, 0x0000000100000000)
  eden space 25600K, 100% used [0x00000000eab00000,0x00000000ec400000,0x00000000ec400000)
  from space 4096K, 0% used [0x00000000ec800000,0x00000000ec800000,0x00000000ecc00000)
  to   space 4096K, 0% used [0x00000000ec400000,0x00000000ec400000,0x00000000ec800000)
 ParOldGen       total 68608K, used 0K [0x00000000c0000000, 0x00000000c4300000, 0x00000000eab00000)
  object space 68608K, 0% used [0x00000000c0000000,0x00000000c0000000,0x00000000c4300000)
 Metaspace       used 11009K, committed 11200K, reserved 1114112K
  class space    used 1099K, committed 1216K, reserved 1048576K
}
Event: 0.992 GC heap after
{Heap after GC invocations=1 (full 0):
 PSYoungGen      total 29696K, used 3187K [0x00000000eab00000, 0x00000000ecc00000, 0x0000000100000000)
  eden space 25600K, 0% used [0x00000000eab00000,0x00000000eab00000,0x00000000ec400000)
  from space 4096K, 77% used [0x00000000ec400000,0x00000000ec71cc18,0x00000000ec800000)
  to   space 4096K, 0% used [0x00000000ec800000,0x00000000ec800000,0x00000000ecc00000)
 ParOldGen       total 68608K, used 8K [0x00000000c0000000, 0x00000000c4300000, 0x00000000eab00000)
  object space 68608K, 0% used [0x00000000c0000000,0x00000000c0002000,0x00000000c4300000)
 Metaspace       used 11009K, committed 11200K, reserved 1114112K
  class space    used 1099K, committed 1216K, reserved 1048576K
}
Event: 1.699 GC heap before
{Heap before GC invocations=2 (full 0):
 PSYoungGen      total 29696K, used 28787K [0x00000000eab00000, 0x00000000ecc00000, 0x0000000100000000)
  eden space 25600K, 100% used [0x00000000eab00000,0x00000000ec400000,0x00000000ec400000)
  from space 4096K, 77% used [0x00000000ec400000,0x00000000ec71cc18,0x00000000ec800000)
  to   space 4096K, 0% used [0x00000000ec800000,0x00000000ec800000,0x00000000ecc00000)
 ParOldGen       total 68608K, used 8K [0x00000000c0000000, 0x00000000c4300000, 0x00000000eab00000)
  object space 68608K, 0% used [0x00000000c0000000,0x00000000c0002000,0x00000000c4300000)
 Metaspace       used 14698K, committed 14912K, reserved 1114112K
  class space    used 1481K, committed 1600K, reserved 1048576K
}
Event: 1.707 GC heap after
{Heap after GC invocations=2 (full 0):
 PSYoungGen      total 29696K, used 4072K [0x00000000eab00000, 0x00000000ecc00000, 0x0000000100000000)
  eden space 25600K, 0% used [0x00000000eab00000,0x00000000eab00000,0x00000000ec400000)
  from space 4096K, 99% used [0x00000000ec800000,0x00000000ecbfa368,0x00000000ecc00000)
  to   space 4096K, 0% used [0x00000000ec400000,0x00000000ec400000,0x00000000ec800000)
 ParOldGen       total 68608K, used 1550K [0x00000000c0000000, 0x00000000c4300000, 0x00000000eab00000)
  object space 68608K, 2% used [0x00000000c0000000,0x00000000c0183b18,0x00000000c4300000)
 Metaspace       used 14698K, committed 14912K, reserved 1114112K
  class space    used 1481K, committed 1600K, reserved 1048576K
}
Event: 2.022 GC heap before
{Heap before GC invocations=3 (full 0):
 PSYoungGen      total 29696K, used 29672K [0x00000000eab00000, 0x00000000ecc00000, 0x0000000100000000)
  eden space 25600K, 100% used [0x00000000eab00000,0x00000000ec400000,0x00000000ec400000)
  from space 4096K, 99% used [0x00000000ec800000,0x00000000ecbfa368,0x00000000ecc00000)
  to   space 4096K, 0% used [0x00000000ec400000,0x00000000ec400000,0x00000000ec800000)
 ParOldGen       total 68608K, used 1550K [0x00000000c0000000, 0x00000000c4300000, 0x00000000eab00000)
  object space 68608K, 2% used [0x00000000c0000000,0x00000000c0183b18,0x00000000c4300000)
 Metaspace       used 16918K, committed 17216K, reserved 1114112K
  class space    used 1716K, committed 1856K, reserved 1048576K
}
Event: 2.027 GC heap after
{Heap after GC invocations=3 (full 0):
 PSYoungGen      total 29696K, used 4094K [0x00000000eab00000, 0x00000000ecc00000, 0x0000000100000000)
  eden space 25600K, 0% used [0x00000000eab00000,0x00000000eab00000,0x00000000ec400000)
  from space 4096K, 99% used [0x00000000ec400000,0x00000000ec7ff8d8,0x00000000ec800000)
  to   space 4096K, 0% used [0x00000000ec800000,0x00000000ec800000,0x00000000ecc00000)
 ParOldGen       total 68608K, used 5326K [0x00000000c0000000, 0x00000000c4300000, 0x00000000eab00000)
  object space 68608K, 7% used [0x00000000c0000000,0x00000000c0533b38,0x00000000c4300000)
 Metaspace       used 16918K, committed 17216K, reserved 1114112K
  class space    used 1716K, committed 1856K, reserved 1048576K
}
Event: 2.383 GC heap before
{Heap before GC invocations=4 (full 0):
 PSYoungGen      total 29696K, used 29646K [0x00000000eab00000, 0x00000000ecc00000, 0x0000000100000000)
  eden space 25600K, 99% used [0x00000000eab00000,0x00000000ec3f3f28,0x00000000ec400000)
  from space 4096K, 99% used [0x00000000ec400000,0x00000000ec7ff8d8,0x00000000ec800000)
  to   space 4096K, 0% used [0x00000000ec800000,0x00000000ec800000,0x00000000ecc00000)
 ParOldGen       total 68608K, used 5326K [0x00000000c0000000, 0x00000000c4300000, 0x00000000eab00000)
  object space 68608K, 7% used [0x00000000c0000000,0x00000000c0533b38,0x00000000c4300000)
 Metaspace       used 21083K, committed 21504K, reserved 1114112K
  class space    used 2156K, committed 2368K, reserved 1048576K
}

Dll operation events (11 events):
Event: 0.010 Loaded shared library c:\Users\Khem1\.vscode\extensions\redhat.java-1.24.0-win32-x64\jre\17.0.8.1-win32-x86_64\bin\java.dll
Event: 0.118 Loaded shared library c:\Users\Khem1\.vscode\extensions\redhat.java-1.24.0-win32-x64\jre\17.0.8.1-win32-x86_64\bin\zip.dll
Event: 0.121 Loaded shared library C:\Users\Khem1\.vscode\extensions\redhat.java-1.24.0-win32-x64\jre\17.0.8.1-win32-x86_64\bin\instrument.dll
Event: 0.137 Loaded shared library C:\Users\Khem1\.vscode\extensions\redhat.java-1.24.0-win32-x64\jre\17.0.8.1-win32-x86_64\bin\net.dll
Event: 0.142 Loaded shared library C:\Users\Khem1\.vscode\extensions\redhat.java-1.24.0-win32-x64\jre\17.0.8.1-win32-x86_64\bin\nio.dll
Event: 0.151 Loaded shared library C:\Users\Khem1\.vscode\extensions\redhat.java-1.24.0-win32-x64\jre\17.0.8.1-win32-x86_64\bin\zip.dll
Event: 0.162 Loaded shared library C:\Users\Khem1\.vscode\extensions\redhat.java-1.24.0-win32-x64\jre\17.0.8.1-win32-x86_64\bin\jimage.dll
Event: 0.207 Loaded shared library c:\Users\Khem1\.vscode\extensions\redhat.java-1.24.0-win32-x64\jre\17.0.8.1-win32-x86_64\bin\verify.dll
Event: 1.534 Loaded shared library C:\Users\Khem1\AppData\Roaming\Code\User\globalStorage\redhat.java\1.24.0\config_win\org.eclipse.equinox.launcher\org.eclipse.equinox.launcher.win32.win32.x86_64_1.2.700.v20221108-1024\eclipse_11801.dll
Event: 2.370 Loaded shared library C:\Users\Khem1\.vscode\extensions\redhat.java-1.24.0-win32-x64\jre\17.0.8.1-win32-x86_64\bin\management.dll
Event: 2.372 Loaded shared library C:\Users\Khem1\.vscode\extensions\redhat.java-1.24.0-win32-x64\jre\17.0.8.1-win32-x86_64\bin\management_ext.dll

Deoptimization events (20 events):
Event: 2.139 Thread 0x000002089a28d490 DEOPT PACKING pc=0x000002088a6fd070 sp=0x000000bfc28fb870
Event: 2.139 Thread 0x000002089a28d490 DEOPT UNPACKING pc=0x000002088a1466a3 sp=0x000000bfc28fb7b8 mode 2
Event: 2.214 Thread 0x000002089a28d490 Uncommon trap: trap_request=0xffffffcc fr.pc=0x000002088a78e814 relative=0x00000000000001f4
Event: 2.214 Thread 0x000002089a28d490 Uncommon trap: reason=intrinsic_or_type_checked_inlining action=make_not_entrant pc=0x000002088a78e814 method=java.util.Arrays.copyOf([Ljava/lang/Object;ILjava/lang/Class;)[Ljava/lang/Object; @ 35 c2
Event: 2.214 Thread 0x000002089a28d490 DEOPT PACKING pc=0x000002088a78e814 sp=0x000000bfc28fce80
Event: 2.214 Thread 0x000002089a28d490 DEOPT UNPACKING pc=0x000002088a1466a3 sp=0x000000bfc28fce10 mode 2
Event: 2.326 Thread 0x000002089a28d490 DEOPT PACKING pc=0x0000020882ca4b9e sp=0x000000bfc28f4540
Event: 2.326 Thread 0x000002089a28d490 DEOPT UNPACKING pc=0x000002088a146e43 sp=0x000000bfc28f3a38 mode 0
Event: 2.326 Thread 0x000002089a28d490 DEOPT PACKING pc=0x0000020882ca4b9e sp=0x000000bfc28f4540
Event: 2.327 Thread 0x000002089a28d490 DEOPT UNPACKING pc=0x000002088a146e43 sp=0x000000bfc28f3a38 mode 0
Event: 2.327 Thread 0x000002089a28d490 DEOPT PACKING pc=0x0000020882ca4b9e sp=0x000000bfc28f4540
Event: 2.327 Thread 0x000002089a28d490 DEOPT UNPACKING pc=0x000002088a146e43 sp=0x000000bfc28f3a38 mode 0
Event: 2.333 Thread 0x000002089a28d490 Uncommon trap: trap_request=0xffffff45 fr.pc=0x000002088a6c7e04 relative=0x0000000000000c64
Event: 2.333 Thread 0x000002089a28d490 Uncommon trap: reason=unstable_if action=reinterpret pc=0x000002088a6c7e04 method=lombok.patcher.PatchScript.classMatches(Ljava/lang/String;Ljava/util/Collection;)Z @ 25 c2
Event: 2.333 Thread 0x000002089a28d490 DEOPT PACKING pc=0x000002088a6c7e04 sp=0x000000bfc28f2590
Event: 2.333 Thread 0x000002089a28d490 DEOPT UNPACKING pc=0x000002088a1466a3 sp=0x000000bfc28f2550 mode 2
Event: 2.375 Thread 0x000002089a28d490 Uncommon trap: trap_request=0xffffff45 fr.pc=0x000002088a721fa0 relative=0x00000000000009e0
Event: 2.375 Thread 0x000002089a28d490 Uncommon trap: reason=unstable_if action=reinterpret pc=0x000002088a721fa0 method=java.util.HashMap.putVal(ILjava/lang/Object;Ljava/lang/Object;ZZ)Ljava/lang/Object; @ 236 c2
Event: 2.375 Thread 0x000002089a28d490 DEOPT PACKING pc=0x000002088a721fa0 sp=0x000000bfc28f46b0
Event: 2.375 Thread 0x000002089a28d490 DEOPT UNPACKING pc=0x000002088a1466a3 sp=0x000000bfc28f4638 mode 2

Classes unloaded (0 events):
No events

Classes redefined (0 events):
No events

Internal exceptions (20 events):
Event: 1.676 Thread 0x000002089a28d490 Exception <a 'java/lang/NoSuchMethodError'{0x00000000ec324470}: 'java.lang.Object java.lang.invoke.DirectMethodHandle$Holder.invokeSpecial(java.lang.Object, java.lang.Object, java.lang.Object, int, java.lang.Object)'> (0x00000000ec324470) 
thrown [s\src\hotspot\share\interpreter\linkResolver.cpp, line 759]
Event: 1.717 Thread 0x000002089a28d490 Exception <a 'java/lang/NoSuchMethodError'{0x00000000eabe2910}: 'java.lang.Object java.lang.invoke.DirectMethodHandle$Holder.invokeStatic(java.lang.Object, int, java.lang.Object)'> (0x00000000eabe2910) 
thrown [s\src\hotspot\share\interpreter\linkResolver.cpp, line 759]
Event: 1.739 Thread 0x000002089a28d490 Exception <a 'java/lang/ClassNotFoundException'{0x00000000ead1a238}: sun/util/logging/resources/spi/loggingProvider> (0x00000000ead1a238) 
thrown [s\src\hotspot\share\classfile\systemDictionary.cpp, line 256]
Event: 2.129 Thread 0x000002089a28d490 Exception <a 'java/io/FileNotFoundException'{0x00000000eb3b6a10}> (0x00000000eb3b6a10) 
thrown [s\src\hotspot\share\prims\jni.cpp, line 516]
Event: 2.145 Thread 0x000002089a28d490 Exception <a 'java/lang/NullPointerException'{0x00000000eb43e6c8}> (0x00000000eb43e6c8) 
thrown [s\src\hotspot\share\interpreter\linkResolver.cpp, line 1350]
Event: 2.145 Thread 0x000002089a28d490 Exception <a 'java/lang/NullPointerException'{0x00000000eb43eef0}> (0x00000000eb43eef0) 
thrown [s\src\hotspot\share\interpreter\linkResolver.cpp, line 1350]
Event: 2.206 Thread 0x000002089a28d490 Exception <a 'java/lang/NoSuchMethodError'{0x00000000eb748ac8}: 'java.lang.Object java.lang.invoke.Invokers$Holder.invokeExact_MT(java.lang.Object, java.lang.Object, java.lang.Object, java.lang.Object, java.lang.Object, java.lang.Object)'> (0x00000000eb748ac8) 
thrown [s\src\hotspot\share\interpreter\linkResolver.cpp, line 759]
Event: 2.233 Thread 0x000002089a28d490 Exception <a 'java/lang/NoSuchMethodError'{0x00000000eb880080}: 'java.lang.Object java.lang.invoke.Invokers$Holder.linkToTargetMethod(java.lang.Object, long, java.lang.Object)'> (0x00000000eb880080) 
thrown [s\src\hotspot\share\interpreter\linkResolver.cpp, line 759]
Event: 2.278 Thread 0x000002089a28d490 Exception <a 'java/lang/NoSuchMethodError'{0x00000000ebc341b8}: 'void java.lang.invoke.DirectMethodHandle$Holder.invokeInterface(java.lang.Object, java.lang.Object, java.lang.Object)'> (0x00000000ebc341b8) 
thrown [s\src\hotspot\share\interpreter\linkResolver.cpp, line 759]
Event: 2.343 Thread 0x000002089a28d490 Exception <a 'java/lang/NoSuchMethodError'{0x00000000ec0711d0}: 'java.lang.Object java.lang.invoke.DirectMethodHandle$Holder.invokeStatic(java.lang.Object, java.lang.Object, int)'> (0x00000000ec0711d0) 
thrown [s\src\hotspot\share\interpreter\linkResolver.cpp, line 759]
Event: 2.344 Thread 0x000002089a28d490 Exception <a 'java/lang/NoSuchMethodError'{0x00000000ec076028}: 'void java.lang.invoke.DirectMethodHandle$Holder.invokeStatic(java.lang.Object, java.lang.Object, int, java.lang.Object)'> (0x00000000ec076028) 
thrown [s\src\hotspot\share\interpreter\linkResolver.cpp, line 759]
Event: 2.344 Thread 0x000002089a28d490 Exception <a 'java/lang/NoSuchMethodError'{0x00000000ec07d5a0}: 'void java.lang.invoke.DelegatingMethodHandle$Holder.delegate(java.lang.Object, java.lang.Object, int, java.lang.Object)'> (0x00000000ec07d5a0) 
thrown [s\src\hotspot\share\interpreter\linkResolver.cpp, line 759]
Event: 2.345 Thread 0x000002089a28d490 Exception <a 'java/lang/NoSuchMethodError'{0x00000000ec081e70}: 'int java.lang.invoke.DirectMethodHandle$Holder.invokeSpecial(java.lang.Object, java.lang.Object, java.lang.Object)'> (0x00000000ec081e70) 
thrown [s\src\hotspot\share\interpreter\linkResolver.cpp, line 759]
Event: 2.346 Thread 0x000002089a28d490 Exception <a 'java/lang/NoSuchMethodError'{0x00000000ec0933c8}: 'int java.lang.invoke.DirectMethodHandle$Holder.invokeStatic(java.lang.Object, java.lang.Object, int)'> (0x00000000ec0933c8) 
thrown [s\src\hotspot\share\interpreter\linkResolver.cpp, line 759]
Event: 2.346 Thread 0x000002089a28d490 Exception <a 'java/lang/NoSuchMethodError'{0x00000000ec097720}: 'int java.lang.invoke.DirectMethodHandle$Holder.invokeSpecial(java.lang.Object, java.lang.Object, java.lang.Object, int)'> (0x00000000ec097720) 
thrown [s\src\hotspot\share\interpreter\linkResolver.cpp, line 759]
Event: 2.347 Thread 0x000002089a28d490 Exception <a 'java/lang/NoSuchMethodError'{0x00000000ec0b32a8}: 'java.lang.Object java.lang.invoke.DirectMethodHandle$Holder.invokeStatic(java.lang.Object, java.lang.Object, java.lang.Object, java.lang.Object, int)'> (0x00000000ec0b32a8) 
thrown [s\src\hotspot\share\interpreter\linkResolver.cpp, line 759]
Event: 2.348 Thread 0x000002089a28d490 Exception <a 'java/lang/NoSuchMethodError'{0x00000000ec0bf238}: 'java.lang.Object java.lang.invoke.DelegatingMethodHandle$Holder.reinvoke_L(java.lang.Object, java.lang.Object, java.lang.Object, java.lang.Object, int, int)'> (0x00000000ec0bf238) 
thrown [s\src\hotspot\share\interpreter\linkResolver.cpp, line 759]
Event: 2.349 Thread 0x000002089a28d490 Exception <a 'java/lang/NoSuchMethodError'{0x00000000ec0d3f58}: 'java.lang.Object java.lang.invoke.Invokers$Holder.invokeExact_MT(java.lang.Object, java.lang.Object, java.lang.Object, java.lang.Object)'> (0x00000000ec0d3f58) 
thrown [s\src\hotspot\share\interpreter\linkResolver.cpp, line 759]
Event: 2.367 Thread 0x000002089a28d490 Exception <a 'java/io/FileNotFoundException'{0x00000000ec222280}> (0x00000000ec222280) 
thrown [s\src\hotspot\share\prims\jni.cpp, line 516]
Event: 2.368 Thread 0x000002089a28d490 Exception <a 'java/io/FileNotFoundException'{0x00000000ec23cc10}> (0x00000000ec23cc10) 
thrown [s\src\hotspot\share\prims\jni.cpp, line 516]

VM Operations (20 events):
Event: 1.392 Executing VM operation: HandshakeAllThreads done
Event: 1.406 Executing VM operation: HandshakeAllThreads
Event: 1.406 Executing VM operation: HandshakeAllThreads done
Event: 1.633 Executing VM operation: HandshakeAllThreads
Event: 1.633 Executing VM operation: HandshakeAllThreads done
Event: 1.698 Executing VM operation: ParallelGCFailedAllocation
Event: 1.707 Executing VM operation: ParallelGCFailedAllocation done
Event: 1.713 Executing VM operation: HandshakeAllThreads
Event: 1.713 Executing VM operation: HandshakeAllThreads done
Event: 1.764 Executing VM operation: HandshakeAllThreads
Event: 1.764 Executing VM operation: HandshakeAllThreads done
Event: 1.795 Executing VM operation: HandshakeAllThreads
Event: 1.795 Executing VM operation: HandshakeAllThreads done
Event: 1.989 Executing VM operation: HandshakeAllThreads
Event: 1.989 Executing VM operation: HandshakeAllThreads done
Event: 2.022 Executing VM operation: ParallelGCFailedAllocation
Event: 2.027 Executing VM operation: ParallelGCFailedAllocation done
Event: 2.343 Executing VM operation: HandshakeAllThreads
Event: 2.343 Executing VM operation: HandshakeAllThreads done
Event: 2.383 Executing VM operation: CollectForMetadataAllocation

Events (20 events):
Event: 2.375 loading class java/lang/management/DefaultPlatformMBeanProvider$11
Event: 2.375 loading class java/lang/management/DefaultPlatformMBeanProvider$11 done
Event: 2.375 loading class jdk/management/jfr/FlightRecorderMXBean
Event: 2.375 loading class jdk/management/jfr/FlightRecorderMXBean done
Event: 2.375 loading class jdk/management/jfr/internal/FlightRecorderMXBeanProvider$SingleMBeanComponent
Event: 2.375 loading class jdk/management/jfr/internal/FlightRecorderMXBeanProvider$SingleMBeanComponent done
Event: 2.375 loading class java/util/HashMap$ValueSpliterator
Event: 2.375 loading class java/util/HashMap$ValueSpliterator done
Event: 2.376 loading class java/util/stream/ReduceOps$2
Event: 2.376 loading class java/util/stream/ReduceOps$2 done
Event: 2.376 loading class java/util/stream/ReduceOps$2ReducingSink
Event: 2.376 loading class java/util/stream/ReduceOps$2ReducingSink done
Event: 2.376 loading class sun/management/RuntimeImpl
Event: 2.376 loading class sun/management/RuntimeImpl done
Event: 2.376 loading class java/util/Collections$2
Event: 2.376 loading class java/util/Collections$2 done
Event: 2.377 loading class sun/management/Util
Event: 2.377 loading class sun/management/Util done
Event: 2.377 loading class java/lang/management/ManagementPermission
Event: 2.377 loading class java/lang/management/ManagementPermission done


Dynamic libraries:
0x00007ff695e80000 - 0x00007ff695e8e000 	c:\Users\Khem1\.vscode\extensions\redhat.java-1.24.0-win32-x64\jre\17.0.8.1-win32-x86_64\bin\java.exe
0x00007ffa69290000 - 0x00007ffa694a7000 	C:\WINDOWS\SYSTEM32\ntdll.dll
0x00007ffa68780000 - 0x00007ffa68844000 	C:\WINDOWS\System32\KERNEL32.DLL
0x00007ffa66a80000 - 0x00007ffa66e26000 	C:\WINDOWS\System32\KERNELBASE.dll
0x00007ffa66ed0000 - 0x00007ffa66fe1000 	C:\WINDOWS\System32\ucrtbase.dll
0x00007ffa61b30000 - 0x00007ffa61b47000 	c:\Users\Khem1\.vscode\extensions\redhat.java-1.24.0-win32-x64\jre\17.0.8.1-win32-x86_64\bin\jli.dll
0x00007ffa68e30000 - 0x00007ffa68fdd000 	C:\WINDOWS\System32\USER32.dll
0x00007ffa66610000 - 0x00007ffa66636000 	C:\WINDOWS\System32\win32u.dll
0x00007ffa691c0000 - 0x00007ffa691e9000 	C:\WINDOWS\System32\GDI32.dll
0x00007ffa66960000 - 0x00007ffa66a78000 	C:\WINDOWS\System32\gdi32full.dll
0x00007ffa66e30000 - 0x00007ffa66eca000 	C:\WINDOWS\System32\msvcp_win.dll
0x00007ffa5e720000 - 0x00007ffa5e739000 	c:\Users\Khem1\.vscode\extensions\redhat.java-1.24.0-win32-x64\jre\17.0.8.1-win32-x86_64\bin\VCRUNTIME140.dll
0x00007ffa512a0000 - 0x00007ffa51533000 	C:\WINDOWS\WinSxS\amd64_microsoft.windows.common-controls_6595b64144ccf1df_6.0.22621.2361_none_2712ced57382f843\COMCTL32.dll
0x00007ffa68a30000 - 0x00007ffa68ad7000 	C:\WINDOWS\System32\msvcrt.dll
0x00007ffa68660000 - 0x00007ffa68691000 	C:\WINDOWS\System32\IMM32.DLL
0x00007ffa61ae0000 - 0x00007ffa61aec000 	c:\Users\Khem1\.vscode\extensions\redhat.java-1.24.0-win32-x64\jre\17.0.8.1-win32-x86_64\bin\vcruntime140_1.dll
0x00007ffa58620000 - 0x00007ffa586b1000 	c:\Users\Khem1\.vscode\extensions\redhat.java-1.24.0-win32-x64\jre\17.0.8.1-win32-x86_64\bin\msvcp140.dll
0x00007ffa02270000 - 0x00007ffa02ebc000 	c:\Users\Khem1\.vscode\extensions\redhat.java-1.24.0-win32-x64\jre\17.0.8.1-win32-x86_64\bin\server\jvm.dll
0x00007ffa688d0000 - 0x00007ffa68980000 	C:\WINDOWS\System32\ADVAPI32.dll
0x00007ffa68980000 - 0x00007ffa68a26000 	C:\WINDOWS\System32\sechost.dll
0x00007ffa671e0000 - 0x00007ffa672f7000 	C:\WINDOWS\System32\RPCRT4.dll
0x00007ffa664e0000 - 0x00007ffa6652d000 	C:\WINDOWS\SYSTEM32\POWRPROF.dll
0x00007ffa5e930000 - 0x00007ffa5e939000 	C:\WINDOWS\SYSTEM32\WSOCK32.dll
0x00007ffa68850000 - 0x00007ffa688c1000 	C:\WINDOWS\System32\WS2_32.dll
0x00007ffa55a00000 - 0x00007ffa55a34000 	C:\WINDOWS\SYSTEM32\WINMM.dll
0x00007ffa5b4d0000 - 0x00007ffa5b4da000 	C:\WINDOWS\SYSTEM32\VERSION.dll
0x00007ffa664c0000 - 0x00007ffa664d3000 	C:\WINDOWS\SYSTEM32\UMPDC.dll
0x00007ffa65650000 - 0x00007ffa65668000 	C:\WINDOWS\SYSTEM32\kernel.appcore.dll
0x00007ffa5e520000 - 0x00007ffa5e52a000 	c:\Users\Khem1\.vscode\extensions\redhat.java-1.24.0-win32-x64\jre\17.0.8.1-win32-x86_64\bin\jimage.dll
0x00007ffa597a0000 - 0x00007ffa599ce000 	C:\WINDOWS\SYSTEM32\DBGHELP.DLL
0x00007ffa68190000 - 0x00007ffa6851a000 	C:\WINDOWS\System32\combase.dll
0x00007ffa686a0000 - 0x00007ffa68777000 	C:\WINDOWS\System32\OLEAUT32.dll
0x00007ffa59da0000 - 0x00007ffa59dd2000 	C:\WINDOWS\SYSTEM32\dbgcore.DLL
0x00007ffa668e0000 - 0x00007ffa6695a000 	C:\WINDOWS\System32\bcryptPrimitives.dll
0x00007ffa5e510000 - 0x00007ffa5e51e000 	c:\Users\Khem1\.vscode\extensions\redhat.java-1.24.0-win32-x64\jre\17.0.8.1-win32-x86_64\bin\instrument.dll
0x00007ffa5e4e0000 - 0x00007ffa5e505000 	c:\Users\Khem1\.vscode\extensions\redhat.java-1.24.0-win32-x64\jre\17.0.8.1-win32-x86_64\bin\java.dll
0x00007ffa5e4c0000 - 0x00007ffa5e4d8000 	c:\Users\Khem1\.vscode\extensions\redhat.java-1.24.0-win32-x64\jre\17.0.8.1-win32-x86_64\bin\zip.dll
0x00007ffa673e0000 - 0x00007ffa67c38000 	C:\WINDOWS\System32\SHELL32.dll
0x00007ffa64570000 - 0x00007ffa64e62000 	C:\WINDOWS\SYSTEM32\windows.storage.dll
0x00007ffa64430000 - 0x00007ffa6456e000 	C:\WINDOWS\SYSTEM32\wintypes.dll
0x00007ffa68520000 - 0x00007ffa68613000 	C:\WINDOWS\System32\SHCORE.dll
0x00007ffa691f0000 - 0x00007ffa6924e000 	C:\WINDOWS\System32\shlwapi.dll
0x00007ffa66540000 - 0x00007ffa66566000 	C:\WINDOWS\SYSTEM32\profapi.dll
0x00007ffa5e020000 - 0x00007ffa5e039000 	C:\Users\Khem1\.vscode\extensions\redhat.java-1.24.0-win32-x64\jre\17.0.8.1-win32-x86_64\bin\net.dll
0x00007ffa5ee70000 - 0x00007ffa5efa7000 	C:\WINDOWS\SYSTEM32\WINHTTP.dll
0x00007ffa65ad0000 - 0x00007ffa65b39000 	C:\WINDOWS\system32\mswsock.dll
0x00007ffa5e000000 - 0x00007ffa5e015000 	C:\Users\Khem1\.vscode\extensions\redhat.java-1.24.0-win32-x64\jre\17.0.8.1-win32-x86_64\bin\nio.dll
0x00007ffa5c2f0000 - 0x00007ffa5c300000 	c:\Users\Khem1\.vscode\extensions\redhat.java-1.24.0-win32-x64\jre\17.0.8.1-win32-x86_64\bin\verify.dll
0x00007ffa570d0000 - 0x00007ffa5710e000 	C:\Users\Khem1\AppData\Roaming\Code\User\globalStorage\redhat.java\1.24.0\config_win\org.eclipse.equinox.launcher\org.eclipse.equinox.launcher.win32.win32.x86_64_1.2.700.v20221108-1024\eclipse_11801.dll
0x00007ffa66ff0000 - 0x00007ffa6718f000 	C:\WINDOWS\System32\ole32.dll
0x00007ffa5c1e0000 - 0x00007ffa5c1e9000 	C:\Users\Khem1\.vscode\extensions\redhat.java-1.24.0-win32-x64\jre\17.0.8.1-win32-x86_64\bin\management.dll
0x00007ffa5bfd0000 - 0x00007ffa5bfdb000 	C:\Users\Khem1\.vscode\extensions\redhat.java-1.24.0-win32-x64\jre\17.0.8.1-win32-x86_64\bin\management_ext.dll
0x00007ffa680d0000 - 0x00007ffa680d8000 	C:\WINDOWS\System32\PSAPI.DLL

dbghelp: loaded successfully - version: 4.0.5 - missing functions: none
symbol engine: initialized successfully - sym options: 0x614 - pdb path: .;c:\Users\Khem1\.vscode\extensions\redhat.java-1.24.0-win32-x64\jre\17.0.8.1-win32-x86_64\bin;C:\WINDOWS\SYSTEM32;C:\WINDOWS\WinSxS\amd64_microsoft.windows.common-controls_6595b64144ccf1df_6.0.22621.2361_none_2712ced57382f843;c:\Users\Khem1\.vscode\extensions\redhat.java-1.24.0-win32-x64\jre\17.0.8.1-win32-x86_64\bin\server;C:\Users\Khem1\AppData\Roaming\Code\User\globalStorage\redhat.java\1.24.0\config_win\org.eclipse.equinox.launcher\org.eclipse.equinox.launcher.win32.win32.x86_64_1.2.700.v20221108-1024

VM Arguments:
jvm_args: --add-modules=ALL-SYSTEM --add-opens=java.base/java.util=ALL-UNNAMED --add-opens=java.base/java.lang=ALL-UNNAMED --add-opens=java.base/sun.nio.fs=ALL-UNNAMED -Declipse.application=org.eclipse.jdt.ls.core.id1 -Dosgi.bundles.defaultStartLevel=4 -Declipse.product=org.eclipse.jdt.ls.core.product -Djava.import.generatesMetadataFilesAtProjectRoot=false -DDetectVMInstallationsJob.disabled=true -Dfile.encoding=utf8 -XX:+UseParallelGC -XX:GCTimeRatio=4 -XX:AdaptiveSizePolicyWeight=90 -Dsun.zip.disableMemoryMapping=true -Xmx1G -Xms100m -Xlog:disable -javaagent:c:\Users\Khem1\.vscode\extensions\redhat.java-1.24.0-win32-x64\lombok\lombok-1.18.30.jar -XX:+HeapDumpOnOutOfMemoryError -XX:HeapDumpPath=c:\Users\Khem1\AppData\Roaming\Code\User\workspaceStorage\3298bf10f847b79b9705f4b517e60422\redhat.java -Daether.dependencyCollector.impl=bf 
java_command: c:\Users\Khem1\.vscode\extensions\redhat.java-1.24.0-win32-x64\server\plugins\org.eclipse.equinox.launcher_1.6.500.v20230717-2134.jar -configuration c:\Users\Khem1\AppData\Roaming\Code\User\globalStorage\redhat.java\1.24.0\config_win -data c:\Users\Khem1\AppData\Roaming\Code\User\workspaceStorage\3298bf10f847b79b9705f4b517e60422\redhat.java\jdt_ws --stdio
java_class_path (initial): c:\Users\Khem1\.vscode\extensions\redhat.java-1.24.0-win32-x64\server\plugins\org.eclipse.equinox.launcher_1.6.500.v20230717-2134.jar
Launcher Type: SUN_STANDARD

[Global flags]
    uintx AdaptiveSizePolicyWeight                 = 90                                        {product} {command line}
     intx CICompilerCount                          = 3                                         {product} {ergonomic}
    uintx GCTimeRatio                              = 4                                         {product} {command line}
     bool HeapDumpOnOutOfMemoryError               = true                                   {manageable} {command line}
    ccstr HeapDumpPath                             = c:\Users\Khem1\AppData\Roaming\Code\User\workspaceStorage\3298bf10f847b79b9705f4b517e60422\redhat.java         {manageable} {command line}
   size_t InitialHeapSize                          = 104857600                                 {product} {command line}
   size_t MaxHeapSize                              = 1073741824                                {product} {command line}
   size_t MaxNewSize                               = 357564416                                 {product} {ergonomic}
   size_t MinHeapDeltaBytes                        = 524288                                    {product} {ergonomic}
   size_t MinHeapSize                              = 104857600                                 {product} {command line}
   size_t NewSize                                  = 34603008                                  {product} {ergonomic}
    uintx NonNMethodCodeHeapSize                   = 5832780                                {pd product} {ergonomic}
    uintx NonProfiledCodeHeapSize                  = 122912730                              {pd product} {ergonomic}
   size_t OldSize                                  = 70254592                                  {product} {ergonomic}
    uintx ProfiledCodeHeapSize                     = 122912730                              {pd product} {ergonomic}
    uintx ReservedCodeCacheSize                    = 251658240                              {pd product} {ergonomic}
     bool SegmentedCodeCache                       = true                                      {product} {ergonomic}
   size_t SoftMaxHeapSize                          = 1073741824                             {manageable} {ergonomic}
     bool UseCompressedClassPointers               = true                           {product lp64_product} {ergonomic}
     bool UseCompressedOops                        = true                           {product lp64_product} {ergonomic}
     bool UseLargePagesIndividualAllocation        = false                                  {pd product} {ergonomic}
     bool UseParallelGC                            = true                                      {product} {command line}

Logging:
Log output configuration:
 #0: stdout all=off uptime,level,tags
 #1: stderr all=off uptime,level,tags

Environment Variables:
JAVA_HOME=C:\Program Files\Java\jdk-17
PATH=C:\Program Files\Common Files\Oracle\Java\javapath;C:\WINDOWS\system32;C:\WINDOWS;C:\WINDOWS\System32\Wbem;C:\WINDOWS\System32\WindowsPowerShell\v1.0\;C:\WINDOWS\System32\OpenSSH\;C:\Program Files\Git\cmd;C:\Program Files\Java\jdk-17\bin;C:\Users\Khem1\AppData\Local\Microsoft\WindowsApps;C:\Users\Khem1\AppData\Local\Programs\Microsoft VS Code\bin;C:\Users\Khem1\AppData\Local\Programs\oh-my-posh\bin;C:\Program Files (x86)\Brackets\;C:\Users\Khem1\AppData\Local\GitHubDesktop\bin
USERNAME=Khem1
OS=Windows_NT
PROCESSOR_IDENTIFIER=Intel64 Family 6 Model 165 Stepping 3, GenuineIntel
TMP=C:\Users\Khem1\AppData\Local\Temp
TEMP=C:\Users\Khem1\AppData\Local\Temp



---------------  S Y S T E M  ---------------

OS:
 Windows 11 , 64 bit Build 22621 (10.0.22621.2428)
OS uptime: 0 days 1:14 hours

CPU: total 6 (initial active 6) (6 cores per cpu, 1 threads per core) family 6 model 165 stepping 3 microcode 0x0, cx8, cmov, fxsr, mmx, 3dnowpref, sse, sse2, sse3, ssse3, sse4.1, sse4.2, popcnt, lzcnt, tsc, tscinvbit, avx, avx2, aes, clmul, bmi1, bmi2, vzeroupper, clflush, clflushopt, hv
Processor Information for all 6 processors :
  Max Mhz: 3096, Current Mhz: 3096, Mhz Limit: 3096

Memory: 4k page, system-wide physical 6082M (2870M free)
TotalPageFile size 6530M (AvailPageFile size 2727M)
current process WorkingSet (physical memory assigned to process): 114M, peak: 114M
current process commit charge ("private bytes"): 216M, peak: 216M

vm_info: OpenJDK 64-Bit Server VM (17.0.8.1+1) for windows-amd64 JRE (17.0.8.1+1), built on Aug 23 2023 15:29:17 by "admin" with MS VC++ 16.7 (VS2019)

END.
